2017-02-07 20:19:25 Error: [NotFoundException] Not Found
Request URL: /properties/2/tramostera
Stack Trace:
#0 /Applications/MAMP/htdocs/immobiliare/Plugin/Properties/Controller/ViewController.php(102): ViewController->loadPropertyById('2')
#1 [internal function]: ViewController->detail('2', 'tramostera')
#2 /Applications/MAMP/htdocs/immobiliare/Vendor/cakephp/cakephp/lib/Cake/Controller/Controller.php(490): ReflectionMethod->invokeArgs(Object(ViewController), Array)
#3 /Applications/MAMP/htdocs/immobiliare/Vendor/cakephp/cakephp/lib/Cake/Routing/Dispatcher.php(191): Controller->invokeAction(Object(CakeRequest))
#4 /Applications/MAMP/htdocs/immobiliare/Vendor/cakephp/cakephp/lib/Cake/Routing/Dispatcher.php(165): Dispatcher->_invoke(Object(ViewController), Object(CakeRequest))
#5 /Applications/MAMP/htdocs/immobiliare/webroot/index.php(102): Dispatcher->dispatch(Object(CakeRequest), Object(CakeResponse))
#6 {main}
2017-02-07 20:19:50 Error: [NotFoundException] Not Found
Request URL: /properties/2/tramostera
Stack Trace:
#0 /Applications/MAMP/htdocs/immobiliare/Plugin/Properties/Controller/ViewController.php(102): ViewController->loadPropertyById('2')
#1 [internal function]: ViewController->detail('2', 'tramostera')
#2 /Applications/MAMP/htdocs/immobiliare/Vendor/cakephp/cakephp/lib/Cake/Controller/Controller.php(490): ReflectionMethod->invokeArgs(Object(ViewController), Array)
#3 /Applications/MAMP/htdocs/immobiliare/Vendor/cakephp/cakephp/lib/Cake/Routing/Dispatcher.php(191): Controller->invokeAction(Object(CakeRequest))
#4 /Applications/MAMP/htdocs/immobiliare/Vendor/cakephp/cakephp/lib/Cake/Routing/Dispatcher.php(165): Dispatcher->_invoke(Object(ViewController), Object(CakeRequest))
#5 /Applications/MAMP/htdocs/immobiliare/webroot/index.php(102): Dispatcher->dispatch(Object(CakeRequest), Object(CakeResponse))
#6 {main}
